<?xml version="1.0" encoding="UTF-8"?>
<testng-results skipped="0" failed="0" ignored="1" total="6" passed="5">
  <reporter-output>
  </reporter-output>
  <suite name="Default suite" duration-ms="1660" started-at="2018-07-09T17:28:17Z" finished-at="2018-07-09T17:28:19Z">
    <groups>
    </groups>
    <test name="Default test" duration-ms="1660" started-at="2018-07-09T17:28:17Z" finished-at="2018-07-09T17:28:19Z">
      <class name="com.test.App.Test.GooglePageTest">
        <test-method status="PASS" signature="testDataProvider(java.lang.String, java.lang.String, java.lang.String)[pri:0, instance:com.test.App.Test.GooglePageTest@bd1b6a]" name="testDataProvider" duration-ms="31" started-at="2018-07-09T22:58:19Z" data-provider="excelDataProvider" finished-at="2018-07-09T22:58:19Z">
          <params>
            <param index="0">
              <value>
                <![CDATA[Vinay]]>
              </value>
            </param>
            <param index="1">
              <value>
                <![CDATA[999999999]]>
              </value>
            </param>
            <param index="2">
              <value>
                <![CDATA[Gupta]]>
              </value>
            </param>
          </params>
          <reporter-output>
          </reporter-output>
        </test-method> <!-- testDataProvider -->
        <test-method status="PASS" signature="testDataProvider(java.lang.String, java.lang.String, java.lang.String)[pri:0, instance:com.test.App.Test.GooglePageTest@bd1b6a]" name="testDataProvider" duration-ms="16" started-at="2018-07-09T22:58:19Z" data-provider="excelDataProvider" finished-at="2018-07-09T22:58:19Z">
          <params>
            <param index="0">
              <value>
                <![CDATA[Vinay]]>
              </value>
            </param>
            <param index="1">
              <value>
                <![CDATA[1000000000]]>
              </value>
            </param>
            <param index="2">
              <value>
                <![CDATA[Gupta]]>
              </value>
            </param>
          </params>
          <reporter-output>
          </reporter-output>
        </test-method> <!-- testDataProvider -->
        <test-method status="PASS" signature="testDataProvider(java.lang.String, java.lang.String, java.lang.String)[pri:0, instance:com.test.App.Test.GooglePageTest@bd1b6a]" name="testDataProvider" duration-ms="0" started-at="2018-07-09T22:58:19Z" data-provider="excelDataProvider" finished-at="2018-07-09T22:58:19Z">
          <params>
            <param index="0">
              <value>
                <![CDATA[Vinay]]>
              </value>
            </param>
            <param index="1">
              <value>
                <![CDATA[1000000001]]>
              </value>
            </param>
            <param index="2">
              <value>
                <![CDATA[Gupta]]>
              </value>
            </param>
          </params>
          <reporter-output>
          </reporter-output>
        </test-method> <!-- testDataProvider -->
        <test-method status="PASS" signature="testDataProvider(java.lang.String, java.lang.String, java.lang.String)[pri:0, instance:com.test.App.Test.GooglePageTest@bd1b6a]" name="testDataProvider" duration-ms="0" started-at="2018-07-09T22:58:19Z" data-provider="excelDataProvider" finished-at="2018-07-09T22:58:19Z">
          <params>
            <param index="0">
              <value>
                <![CDATA[Vinay]]>
              </value>
            </param>
            <param index="1">
              <value>
                <![CDATA[1000000002]]>
              </value>
            </param>
            <param index="2">
              <value>
                <![CDATA[Gupta]]>
              </value>
            </param>
          </params>
          <reporter-output>
          </reporter-output>
        </test-method> <!-- testDataProvider -->
        <test-method status="PASS" signature="testDataProvider(java.lang.String, java.lang.String, java.lang.String)[pri:0, instance:com.test.App.Test.GooglePageTest@bd1b6a]" name="testDataProvider" duration-ms="0" started-at="2018-07-09T22:58:19Z" data-provider="excelDataProvider" finished-at="2018-07-09T22:58:19Z">
          <params>
            <param index="0">
              <value>
                <![CDATA[Vinay]]>
              </value>
            </param>
            <param index="1">
              <value>
                <![CDATA[1000000003]]>
              </value>
            </param>
            <param index="2">
              <value>
                <![CDATA[Gupta]]>
              </value>
            </param>
          </params>
          <reporter-output>
          </reporter-output>
        </test-method> <!-- testDataProvider -->
      </class> <!-- com.test.App.Test.GooglePageTest -->
    </test> <!-- Default test -->
  </suite> <!-- Default suite -->
</testng-results>
