<?xml version="1.0" encoding="UTF-8"?>
<!-- Generated by org.testng.reporters.JUnitXMLReporter -->
<testsuite hostname="DESKTOP-A33UP2O" ignored="1" name="Default test" tests="5" failures="0" timestamp="09 Jul 2018 17:28:19 GMT" time="1.66" errors="0">
  <testcase name="testDataProvider" time="0.031" classname="com.test.App.Test.GooglePageTest"/>
  <testcase name="testDataProvider" time="0.016" classname="com.test.App.Test.GooglePageTest"/>
  <testcase name="testDataProvider" time="0.0" classname="com.test.App.Test.GooglePageTest"/>
  <testcase name="testDataProvider" time="0.0" classname="com.test.App.Test.GooglePageTest"/>
  <testcase name="testDataProvider" time="0.0" classname="com.test.App.Test.GooglePageTest"/>
  <testcase name="verifyGoogleSearchFunctionality" time="0.0" classname="com.test.App.Test.GooglePageTest">
    <ignored/>
  </testcase> <!-- verifyGoogleSearchFunctionality -->
</testsuite> <!-- Default test -->
