<?xml version="1.0" encoding="UTF-8"?>
<testng-results skipped="0" failed="0" ignored="0" total="1" passed="1">
  <reporter-output>
  </reporter-output>
  <suite name="Failed suite [Default suite]" duration-ms="28702" started-at="2018-07-01T19:29:26Z" finished-at="2018-07-01T19:29:55Z">
    <groups>
    </groups>
    <test name="FrameworkTest" duration-ms="28702" started-at="2018-07-01T19:29:26Z" finished-at="2018-07-01T19:29:55Z">
      <class name="com.test.App.Test.GooglePageTest">
        <test-method status="PASS" signature="verifyGoogleSearchFunctionality()[pri:0, instance:com.test.App.Test.GooglePageTest@6a3f77]" name="verifyGoogleSearchFunctionality" duration-ms="13441" started-at="2018-07-02T00:59:39Z" description="Verify Google Search Feature" finished-at="2018-07-02T00:59:53Z">
          <reporter-output>
          </reporter-output>
        </test-method> <!-- verifyGoogleSearchFunctionality -->
      </class> <!-- com.test.App.Test.GooglePageTest -->
    </test> <!-- FrameworkTest -->
  </suite> <!-- Failed suite [Default suite] -->
</testng-results>
